<?xml version="1.0" encoding="UTF-8"?>
<testsuite name="ru.netology.service.CashbackHackServiceTest" tests="1" skipped="0" failures="0" errors="0" timestamp="2022-12-12T10:11:12" hostname="DESKTOP-P7GK16E" time="0.001">
  <properties/>
  <testcase name="testRemain900" classname="ru.netology.service.CashbackHackServiceTest" time="0.001"/>
  <system-out><![CDATA[]]></system-out>
  <system-err><![CDATA[]]></system-err>
</testsuite>
